2018-10-15 16:44:11.570  INFO 32526 --- [main] c.e.s.RabbitMqHelloTest                  : Starting RabbitMqHelloTest on MBC02V109EG8WN.local with PID 32526 (started by fan.zhang1 in /Users/fan.zhang1/fan/learn-springboot/spring-boot-helloworld)
2018-10-15 16:44:11.580  INFO 32526 --- [main] c.e.s.RabbitMqHelloTest                  : No active profile set, falling back to default profiles: default
2018-10-15 16:44:11.620  INFO 32526 --- [main] o.s.w.c.s.GenericWebApplicationContext   : Refreshing org.springframework.web.context.support.GenericWebApplicationContext@5fb759d6: startup date [Mon Oct 15 16:44:11 CST 2018]; root of context hierarchy
2018-10-15 16:44:12.628  INFO 32526 --- [main] .s.d.r.c.RepositoryConfigurationDelegate : Multiple Spring Data modules found, entering strict repository configuration mode!
2018-10-15 16:44:12.840  INFO 32526 --- [main] .s.d.r.c.RepositoryConfigurationDelegate : Multiple Spring Data modules found, entering strict repository configuration mode!
2018-10-15 16:44:12.865  INFO 32526 --- [main] .RepositoryConfigurationExtensionSupport : Spring Data Redis - Could not safely identify store assignment for repository candidate interface com.example.springboothelloworld.Repository.UserRepository.
2018-10-15 16:44:13.423  INFO 32526 --- [main] trationDelegate$BeanPostProcessorChecker : Bean 'org.springframework.amqp.rabbit.annotation.RabbitBootstrapConfiguration' of type [org.springframework.amqp.rabbit.annotation.RabbitBootstrapConfiguration$$EnhancerBySpringCGLIB$$33028361] is not eligible for getting processed by all BeanPostProcessors (for example: not eligible for auto-proxying)
2018-10-15 16:44:13.488  INFO 32526 --- [main] trationDelegate$BeanPostProcessorChecker : Bean 'org.springframework.transaction.annotation.ProxyTransactionManagementConfiguration' of type [org.springframework.transaction.annotation.ProxyTransactionManagementConfiguration$$EnhancerBySpringCGLIB$$6c96c533] is not eligible for getting processed by all BeanPostProcessors (for example: not eligible for auto-proxying)
2018-10-15 16:44:13.520  INFO 32526 --- [main] trationDelegate$BeanPostProcessorChecker : Bean 'redisConfig' of type [com.example.springboothelloworld.configuration.RedisConfig$$EnhancerBySpringCGLIB$$77b8769f] is not eligible for getting processed by all BeanPostProcessors (for example: not eligible for auto-proxying)
2018-10-15 16:44:13.789  INFO 32526 --- [main] com.zaxxer.hikari.HikariDataSource       : HikariPool-1 - Starting...
2018-10-15 16:44:14.205  INFO 32526 --- [main] com.zaxxer.hikari.HikariDataSource       : HikariPool-1 - Start completed.
2018-10-15 16:44:14.260  INFO 32526 --- [main] j.LocalContainerEntityManagerFactoryBean : Building JPA container EntityManagerFactory for persistence unit 'default'
2018-10-15 16:44:15.300  INFO 32526 --- [main] j.LocalContainerEntityManagerFactoryBean : Initialized JPA EntityManagerFactory for persistence unit 'default'
2018-10-15 16:44:15.883  INFO 32526 --- [main] s.w.s.m.m.a.RequestMappingHandlerMapping : Mapped "{[/hello]}" onto public com.example.springboothelloworld.pojo.User com.example.springboothelloworld.controller.UserController.say()
2018-10-15 16:44:15.890  INFO 32526 --- [main] s.w.s.m.m.a.RequestMappingHandlerMapping : Mapped "{[/error]}" onto public org.springframework.http.ResponseEntity<java.util.Map<java.lang.String, java.lang.Object>> org.springframework.boot.autoconfigure.web.servlet.error.BasicErrorController.error(javax.servlet.http.HttpServletRequest)
2018-10-15 16:44:15.891  INFO 32526 --- [main] s.w.s.m.m.a.RequestMappingHandlerMapping : Mapped "{[/error],produces=[text/html]}" onto public org.springframework.web.servlet.ModelAndView org.springframework.boot.autoconfigure.web.servlet.error.BasicErrorController.errorHtml(javax.servlet.http.HttpServletRequest,javax.servlet.http.HttpServletResponse)
2018-10-15 16:44:16.027  INFO 32526 --- [main] s.w.s.m.m.a.RequestMappingHandlerAdapter : Looking for @ControllerAdvice: org.springframework.web.context.support.GenericWebApplicationContext@5fb759d6: startup date [Mon Oct 15 16:44:11 CST 2018]; root of context hierarchy
2018-10-15 16:44:16.714  WARN 32526 --- [main] aWebConfiguration$JpaWebMvcConfiguration : spring.jpa.open-in-view is enabled by default. Therefore, database queries may be performed during view rendering. Explicitly configure spring.jpa.open-in-view to disable this warning
2018-10-15 16:44:17.761  INFO 32526 --- [main] o.s.c.support.DefaultLifecycleProcessor  : Starting beans in phase 2147483647
2018-10-15 16:44:17.792  INFO 32526 --- [SimpleAsyncTaskExecutor-1] o.s.a.r.c.CachingConnectionFactory       : Attempting to connect to: [127.0.0.1:61616]
2018-10-15 16:44:18.614 ERROR 32526 --- [SimpleAsyncTaskExecutor-1] o.s.a.r.l.SimpleMessageListenerContainer : Failed to check/redeclare auto-delete queue(s).

org.springframework.amqp.AmqpIOException: java.io.IOException
	at org.springframework.amqp.rabbit.support.RabbitExceptionTranslator.convertRabbitAccessException(RabbitExceptionTranslator.java:71) ~[spring-rabbit-2.0.6.RELEASE.jar:2.0.6.RELEASE]
	at org.springframework.amqp.rabbit.connection.AbstractConnectionFactory.createBareConnection(AbstractConnectionFactory.java:484) ~[spring-rabbit-2.0.6.RELEASE.jar:2.0.6.RELEASE]
	at org.springframework.amqp.rabbit.connection.CachingConnectionFactory.createConnection(CachingConnectionFactory.java:628) ~[spring-rabbit-2.0.6.RELEASE.jar:2.0.6.RELEASE]
	at org.springframework.amqp.rabbit.connection.ConnectionFactoryUtils.createConnection(ConnectionFactoryUtils.java:240) ~[spring-rabbit-2.0.6.RELEASE.jar:2.0.6.RELEASE]
	at org.springframework.amqp.rabbit.core.RabbitTemplate.doExecute(RabbitTemplate.java:1816) ~[spring-rabbit-2.0.6.RELEASE.jar:2.0.6.RELEASE]
	at org.springframework.amqp.rabbit.core.RabbitTemplate.execute(RabbitTemplate.java:1790) ~[spring-rabbit-2.0.6.RELEASE.jar:2.0.6.RELEASE]
	at org.springframework.amqp.rabbit.core.RabbitTemplate.execute(RabbitTemplate.java:1771) ~[spring-rabbit-2.0.6.RELEASE.jar:2.0.6.RELEASE]
	at org.springframework.amqp.rabbit.core.RabbitAdmin.getQueueProperties(RabbitAdmin.java:345) ~[spring-rabbit-2.0.6.RELEASE.jar:2.0.6.RELEASE]
	at org.springframework.amqp.rabbit.listener.AbstractMessageListenerContainer.redeclareElementsIfNecessary(AbstractMessageListenerContainer.java:1604) ~[spring-rabbit-2.0.6.RELEASE.jar:2.0.6.RELEASE]
	at org.springframework.amqp.rabbit.listener.SimpleMessageListenerContainer$AsyncMessageProcessingConsumer.run(SimpleMessageListenerContainer.java:995) [spring-rabbit-2.0.6.RELEASE.jar:2.0.6.RELEASE]
	at java.lang.Thread.run(Thread.java:748) [na:1.8.0_131]
Caused by: java.io.IOException: null
	at com.rabbitmq.client.impl.AMQChannel.wrap(AMQChannel.java:126) ~[amqp-client-5.4.1.jar:5.4.1]
	at com.rabbitmq.client.impl.AMQChannel.wrap(AMQChannel.java:122) ~[amqp-client-5.4.1.jar:5.4.1]
	at com.rabbitmq.client.impl.AMQConnection.start(AMQConnection.java:373) ~[amqp-client-5.4.1.jar:5.4.1]
	at com.rabbitmq.client.ConnectionFactory.newConnection(ConnectionFactory.java:1104) ~[amqp-client-5.4.1.jar:5.4.1]
	at com.rabbitmq.client.ConnectionFactory.newConnection(ConnectionFactory.java:1054) ~[amqp-client-5.4.1.jar:5.4.1]
	at com.rabbitmq.client.ConnectionFactory.newConnection(ConnectionFactory.java:994) ~[amqp-client-5.4.1.jar:5.4.1]
	at org.springframework.amqp.rabbit.connection.AbstractConnectionFactory.createBareConnection(AbstractConnectionFactory.java:457) ~[spring-rabbit-2.0.6.RELEASE.jar:2.0.6.RELEASE]
	... 9 common frames omitted
Caused by: com.rabbitmq.client.ShutdownSignalException: connection error
	at com.rabbitmq.utility.ValueOrException.getValue(ValueOrException.java:66) ~[amqp-client-5.4.1.jar:5.4.1]
	at com.rabbitmq.utility.BlockingValueOrException.uninterruptibleGetValue(BlockingValueOrException.java:36) ~[amqp-client-5.4.1.jar:5.4.1]
	at com.rabbitmq.client.impl.AMQChannel$BlockingRpcContinuation.getReply(AMQChannel.java:494) ~[amqp-client-5.4.1.jar:5.4.1]
	at com.rabbitmq.client.impl.AMQConnection.start(AMQConnection.java:315) ~[amqp-client-5.4.1.jar:5.4.1]
	... 13 common frames omitted
Caused by: java.io.EOFException: null
	at java.io.DataInputStream.readFully(DataInputStream.java:197) ~[na:1.8.0_131]
	at java.io.DataInputStream.readFully(DataInputStream.java:169) ~[na:1.8.0_131]
	at com.rabbitmq.client.impl.Frame.readFrom(Frame.java:113) ~[amqp-client-5.4.1.jar:5.4.1]
	at com.rabbitmq.client.impl.SocketFrameHandler.readFrame(SocketFrameHandler.java:164) ~[amqp-client-5.4.1.jar:5.4.1]
	at com.rabbitmq.client.impl.AMQConnection$MainLoop.run(AMQConnection.java:596) ~[amqp-client-5.4.1.jar:5.4.1]
	... 1 common frames omitted

2018-10-15 16:44:18.616  INFO 32526 --- [SimpleAsyncTaskExecutor-1] o.s.a.r.c.CachingConnectionFactory       : Attempting to connect to: [127.0.0.1:61616]
2018-10-15 16:44:19.317  INFO 32526 --- [main] c.e.s.RabbitMqHelloTest                  : Started RabbitMqHelloTest in 8.418 seconds (JVM running for 9.772)
2018-10-15 16:44:19.690 ERROR 32526 --- [main] o.s.test.context.TestContextManager      : Caught exception while allowing TestExecutionListener [org.springframework.boot.test.autoconfigure.SpringBootDependencyInjectionTestExecutionListener@7586beff] to prepare test instance [com.example.springboothelloworld.RabbitMqHelloTest@41938e1e]

org.springframework.beans.factory.UnsatisfiedDependencyException: Error creating bean with name 'com.example.springboothelloworld.RabbitMqHelloTest': Unsatisfied dependency expressed through field 'helloSender'; nested exception is org.springframework.beans.factory.NoSuchBeanDefinitionException: No qualifying bean of type 'com.example.springboothelloworld.Queue.HelloSender' available: expected at least 1 bean which qualifies as autowire candidate. Dependency annotations: {@org.springframework.beans.factory.annotation.Autowired(required=true)}
	at org.springframework.beans.factory.annotation.AutowiredAnnotationBeanPostProcessor$AutowiredFieldElement.inject(AutowiredAnnotationBeanPostProcessor.java:586) ~[spring-beans-5.0.9.RELEASE.jar:5.0.9.RELEASE]
	at org.springframework.beans.factory.annotation.InjectionMetadata.inject(InjectionMetadata.java:90) ~[spring-beans-5.0.9.RELEASE.jar:5.0.9.RELEASE]
	at org.springframework.beans.factory.annotation.AutowiredAnnotationBeanPostProcessor.postProcessPropertyValues(AutowiredAnnotationBeanPostProcessor.java:372) ~[spring-beans-5.0.9.RELEASE.jar:5.0.9.RELEASE]
	at org.springframework.beans.factory.support.AbstractAutowireCapableBeanFactory.populateBean(AbstractAutowireCapableBeanFactory.java:1341) ~[spring-beans-5.0.9.RELEASE.jar:5.0.9.RELEASE]
	at org.springframework.beans.factory.support.AbstractAutowireCapableBeanFactory.autowireBeanProperties(AbstractAutowireCapableBeanFactory.java:393) ~[spring-beans-5.0.9.RELEASE.jar:5.0.9.RELEASE]
	at org.springframework.test.context.support.DependencyInjectionTestExecutionListener.injectDependencies(DependencyInjectionTestExecutionListener.java:118) ~[spring-test-5.0.9.RELEASE.jar:5.0.9.RELEASE]
	at org.springframework.test.context.support.DependencyInjectionTestExecutionListener.prepareTestInstance(DependencyInjectionTestExecutionListener.java:83) ~[spring-test-5.0.9.RELEASE.jar:5.0.9.RELEASE]
	at org.springframework.boot.test.autoconfigure.SpringBootDependencyInjectionTestExecutionListener.prepareTestInstance(SpringBootDependencyInjectionTestExecutionListener.java:44) ~[spring-boot-test-autoconfigure-2.0.5.RELEASE.jar:2.0.5.RELEASE]
	at org.springframework.test.context.TestContextManager.prepareTestInstance(TestContextManager.java:246) ~[spring-test-5.0.9.RELEASE.jar:5.0.9.RELEASE]
	at org.springframework.test.context.junit4.SpringJUnit4ClassRunner.createTest(SpringJUnit4ClassRunner.java:227) [spring-test-5.0.9.RELEASE.jar:5.0.9.RELEASE]
	at org.springframework.test.context.junit4.SpringJUnit4ClassRunner$1.runReflectiveCall(SpringJUnit4ClassRunner.java:289) [spring-test-5.0.9.RELEASE.jar:5.0.9.RELEASE]
	at org.junit.internal.runners.model.ReflectiveCallable.run(ReflectiveCallable.java:12) [junit-4.12.jar:4.12]
	at org.springframework.test.context.junit4.SpringJUnit4ClassRunner.methodBlock(SpringJUnit4ClassRunner.java:291) [spring-test-5.0.9.RELEASE.jar:5.0.9.RELEASE]
	at org.springframework.test.context.junit4.SpringJUnit4ClassRunner.runChild(SpringJUnit4ClassRunner.java:246) [spring-test-5.0.9.RELEASE.jar:5.0.9.RELEASE]
	at org.springframework.test.context.junit4.SpringJUnit4ClassRunner.runChild(SpringJUnit4ClassRunner.java:97) [spring-test-5.0.9.RELEASE.jar:5.0.9.RELEASE]
	at org.junit.runners.ParentRunner$3.run(ParentRunner.java:290) [junit-4.12.jar:4.12]
	at org.junit.runners.ParentRunner$1.schedule(ParentRunner.java:71) [junit-4.12.jar:4.12]
	at org.junit.runners.ParentRunner.runChildren(ParentRunner.java:288) [junit-4.12.jar:4.12]
	at org.junit.runners.ParentRunner.access$000(ParentRunner.java:58) [junit-4.12.jar:4.12]
	at org.junit.runners.ParentRunner$2.evaluate(ParentRunner.java:268) [junit-4.12.jar:4.12]
	at org.springframework.test.context.junit4.statements.RunBeforeTestClassCallbacks.evaluate(RunBeforeTestClassCallbacks.java:61) [spring-test-5.0.9.RELEASE.jar:5.0.9.RELEASE]
	at org.springframework.test.context.junit4.statements.RunAfterTestClassCallbacks.evaluate(RunAfterTestClassCallbacks.java:70) [spring-test-5.0.9.RELEASE.jar:5.0.9.RELEASE]
	at org.junit.runners.ParentRunner.run(ParentRunner.java:363) [junit-4.12.jar:4.12]
	at org.springframework.test.context.junit4.SpringJUnit4ClassRunner.run(SpringJUnit4ClassRunner.java:190) [spring-test-5.0.9.RELEASE.jar:5.0.9.RELEASE]
	at org.junit.runner.JUnitCore.run(JUnitCore.java:137) [junit-4.12.jar:4.12]
	at com.intellij.junit4.JUnit4IdeaTestRunner.startRunnerWithArgs(JUnit4IdeaTestRunner.java:68) [junit-rt.jar:na]
	at com.intellij.rt.execution.junit.IdeaTestRunner$Repeater.startRunnerWithArgs(IdeaTestRunner.java:47) [junit-rt.jar:na]
	at com.intellij.rt.execution.junit.JUnitStarter.prepareStreamsAndStart(JUnitStarter.java:242) [junit-rt.jar:na]
	at com.intellij.rt.execution.junit.JUnitStarter.main(JUnitStarter.java:70) [junit-rt.jar:na]
Caused by: org.springframework.beans.factory.NoSuchBeanDefinitionException: No qualifying bean of type 'com.example.springboothelloworld.Queue.HelloSender' available: expected at least 1 bean which qualifies as autowire candidate. Dependency annotations: {@org.springframework.beans.factory.annotation.Autowired(required=true)}
	at org.springframework.beans.factory.support.DefaultListableBeanFactory.raiseNoMatchingBeanFound(DefaultListableBeanFactory.java:1506) ~[spring-beans-5.0.9.RELEASE.jar:5.0.9.RELEASE]
	at org.springframework.beans.factory.support.DefaultListableBeanFactory.doResolveDependency(DefaultListableBeanFactory.java:1101) ~[spring-beans-5.0.9.RELEASE.jar:5.0.9.RELEASE]
	at org.springframework.beans.factory.support.DefaultListableBeanFactory.resolveDependency(DefaultListableBeanFactory.java:1062) ~[spring-beans-5.0.9.RELEASE.jar:5.0.9.RELEASE]
	at org.springframework.beans.factory.annotation.AutowiredAnnotationBeanPostProcessor$AutowiredFieldElement.inject(AutowiredAnnotationBeanPostProcessor.java:583) ~[spring-beans-5.0.9.RELEASE.jar:5.0.9.RELEASE]
	... 28 common frames omitted

2018-10-15 16:44:19.699  INFO 32526 --- [Thread-2] o.s.w.c.s.GenericWebApplicationContext   : Closing org.springframework.web.context.support.GenericWebApplicationContext@5fb759d6: startup date [Mon Oct 15 16:44:11 CST 2018]; root of context hierarchy
2018-10-15 16:44:19.702  INFO 32526 --- [Thread-2] o.s.c.support.DefaultLifecycleProcessor  : Stopping beans in phase 2147483647
2018-10-15 16:44:19.704  INFO 32526 --- [Thread-2] o.s.a.r.l.SimpleMessageListenerContainer : Waiting for workers to finish.
2018-10-15 16:44:19.704  INFO 32526 --- [Thread-2] o.s.a.r.l.SimpleMessageListenerContainer : Successfully waited for workers to finish.
2018-10-15 16:44:19.704  INFO 32526 --- [Thread-2] o.s.c.support.DefaultLifecycleProcessor  : Stopping beans in phase 0
2018-10-15 16:44:19.708  INFO 32526 --- [Thread-2] o.s.a.r.l.SimpleMessageListenerContainer : Shutdown ignored - container is not active already
2018-10-15 16:44:19.732  INFO 32526 --- [Thread-2] j.LocalContainerEntityManagerFactoryBean : Closing JPA EntityManagerFactory for persistence unit 'default'
2018-10-15 16:44:19.739  INFO 32526 --- [Thread-2] com.zaxxer.hikari.HikariDataSource       : HikariPool-1 - Shutdown initiated...
2018-10-15 16:44:19.753  INFO 32526 --- [Thread-2] com.zaxxer.hikari.HikariDataSource       : HikariPool-1 - Shutdown completed.
2018-10-15 16:46:29.796  INFO 32718 --- [main] c.e.s.RabbitMqHelloTest                  : Starting RabbitMqHelloTest on MBC02V109EG8WN.local with PID 32718 (started by fan.zhang1 in /Users/fan.zhang1/fan/learn-springboot/spring-boot-helloworld)
2018-10-15 16:46:29.798  INFO 32718 --- [main] c.e.s.RabbitMqHelloTest                  : No active profile set, falling back to default profiles: default
2018-10-15 16:46:29.845  INFO 32718 --- [main] o.s.w.c.s.GenericWebApplicationContext   : Refreshing org.springframework.web.context.support.GenericWebApplicationContext@5e7cd6cc: startup date [Mon Oct 15 16:46:29 CST 2018]; root of context hierarchy
2018-10-15 16:46:30.751  INFO 32718 --- [main] .s.d.r.c.RepositoryConfigurationDelegate : Multiple Spring Data modules found, entering strict repository configuration mode!
2018-10-15 16:46:31.004  INFO 32718 --- [main] .s.d.r.c.RepositoryConfigurationDelegate : Multiple Spring Data modules found, entering strict repository configuration mode!
2018-10-15 16:46:31.022  INFO 32718 --- [main] .RepositoryConfigurationExtensionSupport : Spring Data Redis - Could not safely identify store assignment for repository candidate interface com.example.springboothelloworld.Repository.UserRepository.
2018-10-15 16:46:31.546  INFO 32718 --- [main] trationDelegate$BeanPostProcessorChecker : Bean 'org.springframework.amqp.rabbit.annotation.RabbitBootstrapConfiguration' of type [org.springframework.amqp.rabbit.annotation.RabbitBootstrapConfiguration$$EnhancerBySpringCGLIB$$a7be1e9b] is not eligible for getting processed by all BeanPostProcessors (for example: not eligible for auto-proxying)
2018-10-15 16:46:31.616  INFO 32718 --- [main] trationDelegate$BeanPostProcessorChecker : Bean 'org.springframework.transaction.annotation.ProxyTransactionManagementConfiguration' of type [org.springframework.transaction.annotation.ProxyTransactionManagementConfiguration$$EnhancerBySpringCGLIB$$e152606d] is not eligible for getting processed by all BeanPostProcessors (for example: not eligible for auto-proxying)
2018-10-15 16:46:31.645  INFO 32718 --- [main] trationDelegate$BeanPostProcessorChecker : Bean 'redisConfig' of type [com.example.springboothelloworld.configuration.RedisConfig$$EnhancerBySpringCGLIB$$ec7411d9] is not eligible for getting processed by all BeanPostProcessors (for example: not eligible for auto-proxying)
2018-10-15 16:46:31.922  INFO 32718 --- [main] com.zaxxer.hikari.HikariDataSource       : HikariPool-1 - Starting...
2018-10-15 16:46:32.283  INFO 32718 --- [main] com.zaxxer.hikari.HikariDataSource       : HikariPool-1 - Start completed.
2018-10-15 16:46:32.328  INFO 32718 --- [main] j.LocalContainerEntityManagerFactoryBean : Building JPA container EntityManagerFactory for persistence unit 'default'
2018-10-15 16:46:33.178  INFO 32718 --- [main] j.LocalContainerEntityManagerFactoryBean : Initialized JPA EntityManagerFactory for persistence unit 'default'
2018-10-15 16:46:33.843  INFO 32718 --- [main] s.w.s.m.m.a.RequestMappingHandlerMapping : Mapped "{[/hello]}" onto public com.example.springboothelloworld.pojo.User com.example.springboothelloworld.controller.UserController.say()
2018-10-15 16:46:33.850  INFO 32718 --- [main] s.w.s.m.m.a.RequestMappingHandlerMapping : Mapped "{[/error]}" onto public org.springframework.http.ResponseEntity<java.util.Map<java.lang.String, java.lang.Object>> org.springframework.boot.autoconfigure.web.servlet.error.BasicErrorController.error(javax.servlet.http.HttpServletRequest)
2018-10-15 16:46:33.851  INFO 32718 --- [main] s.w.s.m.m.a.RequestMappingHandlerMapping : Mapped "{[/error],produces=[text/html]}" onto public org.springframework.web.servlet.ModelAndView org.springframework.boot.autoconfigure.web.servlet.error.BasicErrorController.errorHtml(javax.servlet.http.HttpServletRequest,javax.servlet.http.HttpServletResponse)
2018-10-15 16:46:33.943  INFO 32718 --- [main] s.w.s.m.m.a.RequestMappingHandlerAdapter : Looking for @ControllerAdvice: org.springframework.web.context.support.GenericWebApplicationContext@5e7cd6cc: startup date [Mon Oct 15 16:46:29 CST 2018]; root of context hierarchy
2018-10-15 16:46:34.425  WARN 32718 --- [main] aWebConfiguration$JpaWebMvcConfiguration : spring.jpa.open-in-view is enabled by default. Therefore, database queries may be performed during view rendering. Explicitly configure spring.jpa.open-in-view to disable this warning
2018-10-15 16:46:35.351  INFO 32718 --- [main] o.s.c.support.DefaultLifecycleProcessor  : Starting beans in phase 2147483647
2018-10-15 16:46:35.359  INFO 32718 --- [SimpleAsyncTaskExecutor-1] o.s.a.r.c.CachingConnectionFactory       : Attempting to connect to: [127.0.0.1:61616]
2018-10-15 16:46:35.876 ERROR 32718 --- [SimpleAsyncTaskExecutor-1] o.s.a.r.l.SimpleMessageListenerContainer : Failed to check/redeclare auto-delete queue(s).

org.springframework.amqp.AmqpIOException: java.io.IOException
	at org.springframework.amqp.rabbit.support.RabbitExceptionTranslator.convertRabbitAccessException(RabbitExceptionTranslator.java:71) ~[spring-rabbit-2.0.6.RELEASE.jar:2.0.6.RELEASE]
	at org.springframework.amqp.rabbit.connection.AbstractConnectionFactory.createBareConnection(AbstractConnectionFactory.java:484) ~[spring-rabbit-2.0.6.RELEASE.jar:2.0.6.RELEASE]
	at org.springframework.amqp.rabbit.connection.CachingConnectionFactory.createConnection(CachingConnectionFactory.java:628) ~[spring-rabbit-2.0.6.RELEASE.jar:2.0.6.RELEASE]
	at org.springframework.amqp.rabbit.connection.ConnectionFactoryUtils.createConnection(ConnectionFactoryUtils.java:240) ~[spring-rabbit-2.0.6.RELEASE.jar:2.0.6.RELEASE]
	at org.springframework.amqp.rabbit.core.RabbitTemplate.doExecute(RabbitTemplate.java:1816) ~[spring-rabbit-2.0.6.RELEASE.jar:2.0.6.RELEASE]
	at org.springframework.amqp.rabbit.core.RabbitTemplate.execute(RabbitTemplate.java:1790) ~[spring-rabbit-2.0.6.RELEASE.jar:2.0.6.RELEASE]
	at org.springframework.amqp.rabbit.core.RabbitTemplate.execute(RabbitTemplate.java:1771) ~[spring-rabbit-2.0.6.RELEASE.jar:2.0.6.RELEASE]
	at org.springframework.amqp.rabbit.core.RabbitAdmin.getQueueProperties(RabbitAdmin.java:345) ~[spring-rabbit-2.0.6.RELEASE.jar:2.0.6.RELEASE]
	at org.springframework.amqp.rabbit.listener.AbstractMessageListenerContainer.redeclareElementsIfNecessary(AbstractMessageListenerContainer.java:1604) ~[spring-rabbit-2.0.6.RELEASE.jar:2.0.6.RELEASE]
	at org.springframework.amqp.rabbit.listener.SimpleMessageListenerContainer$AsyncMessageProcessingConsumer.run(SimpleMessageListenerContainer.java:995) [spring-rabbit-2.0.6.RELEASE.jar:2.0.6.RELEASE]
	at java.lang.Thread.run(Thread.java:748) [na:1.8.0_131]
Caused by: java.io.IOException: null
	at com.rabbitmq.client.impl.AMQChannel.wrap(AMQChannel.java:126) ~[amqp-client-5.4.1.jar:5.4.1]
	at com.rabbitmq.client.impl.AMQChannel.wrap(AMQChannel.java:122) ~[amqp-client-5.4.1.jar:5.4.1]
	at com.rabbitmq.client.impl.AMQConnection.start(AMQConnection.java:373) ~[amqp-client-5.4.1.jar:5.4.1]
	at com.rabbitmq.client.ConnectionFactory.newConnection(ConnectionFactory.java:1104) ~[amqp-client-5.4.1.jar:5.4.1]
	at com.rabbitmq.client.ConnectionFactory.newConnection(ConnectionFactory.java:1054) ~[amqp-client-5.4.1.jar:5.4.1]
	at com.rabbitmq.client.ConnectionFactory.newConnection(ConnectionFactory.java:994) ~[amqp-client-5.4.1.jar:5.4.1]
	at org.springframework.amqp.rabbit.connection.AbstractConnectionFactory.createBareConnection(AbstractConnectionFactory.java:457) ~[spring-rabbit-2.0.6.RELEASE.jar:2.0.6.RELEASE]
	... 9 common frames omitted
Caused by: com.rabbitmq.client.ShutdownSignalException: connection error
	at com.rabbitmq.utility.ValueOrException.getValue(ValueOrException.java:66) ~[amqp-client-5.4.1.jar:5.4.1]
	at com.rabbitmq.utility.BlockingValueOrException.uninterruptibleGetValue(BlockingValueOrException.java:36) ~[amqp-client-5.4.1.jar:5.4.1]
	at com.rabbitmq.client.impl.AMQChannel$BlockingRpcContinuation.getReply(AMQChannel.java:494) ~[amqp-client-5.4.1.jar:5.4.1]
	at com.rabbitmq.client.impl.AMQConnection.start(AMQConnection.java:315) ~[amqp-client-5.4.1.jar:5.4.1]
	... 13 common frames omitted
Caused by: java.io.EOFException: null
	at java.io.DataInputStream.readFully(DataInputStream.java:197) ~[na:1.8.0_131]
	at java.io.DataInputStream.readFully(DataInputStream.java:169) ~[na:1.8.0_131]
	at com.rabbitmq.client.impl.Frame.readFrom(Frame.java:113) ~[amqp-client-5.4.1.jar:5.4.1]
	at com.rabbitmq.client.impl.SocketFrameHandler.readFrame(SocketFrameHandler.java:164) ~[amqp-client-5.4.1.jar:5.4.1]
	at com.rabbitmq.client.impl.AMQConnection$MainLoop.run(AMQConnection.java:596) ~[amqp-client-5.4.1.jar:5.4.1]
	... 1 common frames omitted

2018-10-15 16:46:35.878  INFO 32718 --- [SimpleAsyncTaskExecutor-1] o.s.a.r.c.CachingConnectionFactory       : Attempting to connect to: [127.0.0.1:61616]
2018-10-15 16:46:36.513  INFO 32718 --- [main] c.e.s.RabbitMqHelloTest                  : Started RabbitMqHelloTest in 7.274 seconds (JVM running for 8.323)
2018-10-15 16:46:37.040  INFO 32718 --- [main] o.s.a.r.c.CachingConnectionFactory       : Attempting to connect to: [127.0.0.1:61616]
2018-10-15 16:46:37.479  INFO 32718 --- [Thread-2] o.s.w.c.s.GenericWebApplicationContext   : Closing org.springframework.web.context.support.GenericWebApplicationContext@5e7cd6cc: startup date [Mon Oct 15 16:46:29 CST 2018]; root of context hierarchy
2018-10-15 16:46:37.481  INFO 32718 --- [Thread-2] o.s.c.support.DefaultLifecycleProcessor  : Stopping beans in phase 2147483647
2018-10-15 16:46:37.482  INFO 32718 --- [Thread-2] o.s.a.r.l.SimpleMessageListenerContainer : Waiting for workers to finish.
2018-10-15 16:46:37.482  INFO 32718 --- [Thread-2] o.s.a.r.l.SimpleMessageListenerContainer : Successfully waited for workers to finish.
2018-10-15 16:46:37.482  INFO 32718 --- [Thread-2] o.s.c.support.DefaultLifecycleProcessor  : Stopping beans in phase 0
2018-10-15 16:46:37.486  INFO 32718 --- [Thread-2] o.s.a.r.l.SimpleMessageListenerContainer : Shutdown ignored - container is not active already
2018-10-15 16:46:37.499  INFO 32718 --- [Thread-2] j.LocalContainerEntityManagerFactoryBean : Closing JPA EntityManagerFactory for persistence unit 'default'
2018-10-15 16:46:37.499  INFO 32718 --- [Thread-2] com.zaxxer.hikari.HikariDataSource       : HikariPool-1 - Shutdown initiated...
2018-10-15 16:46:37.504  INFO 32718 --- [Thread-2] com.zaxxer.hikari.HikariDataSource       : HikariPool-1 - Shutdown completed.
2018-10-15 16:57:07.384  INFO 34209 --- [main] c.e.s.RabbitMqHelloTest                  : Starting RabbitMqHelloTest on MBC02V109EG8WN.local with PID 34209 (started by fan.zhang1 in /Users/fan.zhang1/fan/learn-springboot/spring-boot-helloworld)
2018-10-15 16:57:07.386  INFO 34209 --- [main] c.e.s.RabbitMqHelloTest                  : No active profile set, falling back to default profiles: default
2018-10-15 16:57:07.436  INFO 34209 --- [main] o.s.w.c.s.GenericWebApplicationContext   : Refreshing org.springframework.web.context.support.GenericWebApplicationContext@5e7cd6cc: startup date [Mon Oct 15 16:57:07 CST 2018]; root of context hierarchy
2018-10-15 16:57:08.435  INFO 34209 --- [main] .s.d.r.c.RepositoryConfigurationDelegate : Multiple Spring Data modules found, entering strict repository configuration mode!
2018-10-15 16:57:08.644  INFO 34209 --- [main] .s.d.r.c.RepositoryConfigurationDelegate : Multiple Spring Data modules found, entering strict repository configuration mode!
2018-10-15 16:57:08.665  INFO 34209 --- [main] .RepositoryConfigurationExtensionSupport : Spring Data Redis - Could not safely identify store assignment for repository candidate interface com.example.springboothelloworld.Repository.UserRepository.
2018-10-15 16:57:09.114  INFO 34209 --- [main] trationDelegate$BeanPostProcessorChecker : Bean 'org.springframework.amqp.rabbit.annotation.RabbitBootstrapConfiguration' of type [org.springframework.amqp.rabbit.annotation.RabbitBootstrapConfiguration$$EnhancerBySpringCGLIB$$53ce72f7] is not eligible for getting processed by all BeanPostProcessors (for example: not eligible for auto-proxying)
2018-10-15 16:57:09.172  INFO 34209 --- [main] trationDelegate$BeanPostProcessorChecker : Bean 'org.springframework.transaction.annotation.ProxyTransactionManagementConfiguration' of type [org.springframework.transaction.annotation.ProxyTransactionManagementConfiguration$$EnhancerBySpringCGLIB$$8d62b4c9] is not eligible for getting processed by all BeanPostProcessors (for example: not eligible for auto-proxying)
2018-10-15 16:57:09.220  INFO 34209 --- [main] trationDelegate$BeanPostProcessorChecker : Bean 'redisConfig' of type [com.example.springboothelloworld.configuration.RedisConfig$$EnhancerBySpringCGLIB$$98846635] is not eligible for getting processed by all BeanPostProcessors (for example: not eligible for auto-proxying)
2018-10-15 16:57:09.478  INFO 34209 --- [main] com.zaxxer.hikari.HikariDataSource       : HikariPool-1 - Starting...
2018-10-15 16:57:09.863  INFO 34209 --- [main] com.zaxxer.hikari.HikariDataSource       : HikariPool-1 - Start completed.
2018-10-15 16:57:09.904  INFO 34209 --- [main] j.LocalContainerEntityManagerFactoryBean : Building JPA container EntityManagerFactory for persistence unit 'default'
2018-10-15 16:57:10.704  INFO 34209 --- [main] j.LocalContainerEntityManagerFactoryBean : Initialized JPA EntityManagerFactory for persistence unit 'default'
2018-10-15 16:57:11.319  INFO 34209 --- [main] s.w.s.m.m.a.RequestMappingHandlerMapping : Mapped "{[/hello]}" onto public com.example.springboothelloworld.pojo.User com.example.springboothelloworld.controller.UserController.say()
2018-10-15 16:57:11.324  INFO 34209 --- [main] s.w.s.m.m.a.RequestMappingHandlerMapping : Mapped "{[/error]}" onto public org.springframework.http.ResponseEntity<java.util.Map<java.lang.String, java.lang.Object>> org.springframework.boot.autoconfigure.web.servlet.error.BasicErrorController.error(javax.servlet.http.HttpServletRequest)
2018-10-15 16:57:11.325  INFO 34209 --- [main] s.w.s.m.m.a.RequestMappingHandlerMapping : Mapped "{[/error],produces=[text/html]}" onto public org.springframework.web.servlet.ModelAndView org.springframework.boot.autoconfigure.web.servlet.error.BasicErrorController.errorHtml(javax.servlet.http.HttpServletRequest,javax.servlet.http.HttpServletResponse)
2018-10-15 16:57:11.406  INFO 34209 --- [main] s.w.s.m.m.a.RequestMappingHandlerAdapter : Looking for @ControllerAdvice: org.springframework.web.context.support.GenericWebApplicationContext@5e7cd6cc: startup date [Mon Oct 15 16:57:07 CST 2018]; root of context hierarchy
2018-10-15 16:57:11.826  WARN 34209 --- [main] aWebConfiguration$JpaWebMvcConfiguration : spring.jpa.open-in-view is enabled by default. Therefore, database queries may be performed during view rendering. Explicitly configure spring.jpa.open-in-view to disable this warning
2018-10-15 16:57:12.657  INFO 34209 --- [main] o.s.c.support.DefaultLifecycleProcessor  : Starting beans in phase 2147483647
2018-10-15 16:57:12.667  INFO 34209 --- [SimpleAsyncTaskExecutor-1] o.s.a.r.c.CachingConnectionFactory       : Attempting to connect to: [127.0.0.1:61616]
2018-10-15 16:57:13.251 ERROR 34209 --- [SimpleAsyncTaskExecutor-1] o.s.a.r.l.SimpleMessageListenerContainer : Failed to check/redeclare auto-delete queue(s).

org.springframework.amqp.AmqpIOException: java.io.IOException
	at org.springframework.amqp.rabbit.support.RabbitExceptionTranslator.convertRabbitAccessException(RabbitExceptionTranslator.java:71) ~[spring-rabbit-2.0.6.RELEASE.jar:2.0.6.RELEASE]
	at org.springframework.amqp.rabbit.connection.AbstractConnectionFactory.createBareConnection(AbstractConnectionFactory.java:484) ~[spring-rabbit-2.0.6.RELEASE.jar:2.0.6.RELEASE]
	at org.springframework.amqp.rabbit.connection.CachingConnectionFactory.createConnection(CachingConnectionFactory.java:628) ~[spring-rabbit-2.0.6.RELEASE.jar:2.0.6.RELEASE]
	at org.springframework.amqp.rabbit.connection.ConnectionFactoryUtils.createConnection(ConnectionFactoryUtils.java:240) ~[spring-rabbit-2.0.6.RELEASE.jar:2.0.6.RELEASE]
	at org.springframework.amqp.rabbit.core.RabbitTemplate.doExecute(RabbitTemplate.java:1816) ~[spring-rabbit-2.0.6.RELEASE.jar:2.0.6.RELEASE]
	at org.springframework.amqp.rabbit.core.RabbitTemplate.execute(RabbitTemplate.java:1790) ~[spring-rabbit-2.0.6.RELEASE.jar:2.0.6.RELEASE]
	at org.springframework.amqp.rabbit.core.RabbitTemplate.execute(RabbitTemplate.java:1771) ~[spring-rabbit-2.0.6.RELEASE.jar:2.0.6.RELEASE]
	at org.springframework.amqp.rabbit.core.RabbitAdmin.getQueueProperties(RabbitAdmin.java:345) ~[spring-rabbit-2.0.6.RELEASE.jar:2.0.6.RELEASE]
	at org.springframework.amqp.rabbit.listener.AbstractMessageListenerContainer.redeclareElementsIfNecessary(AbstractMessageListenerContainer.java:1604) ~[spring-rabbit-2.0.6.RELEASE.jar:2.0.6.RELEASE]
	at org.springframework.amqp.rabbit.listener.SimpleMessageListenerContainer$AsyncMessageProcessingConsumer.run(SimpleMessageListenerContainer.java:995) [spring-rabbit-2.0.6.RELEASE.jar:2.0.6.RELEASE]
	at java.lang.Thread.run(Thread.java:748) [na:1.8.0_131]
Caused by: java.io.IOException: null
	at com.rabbitmq.client.impl.AMQChannel.wrap(AMQChannel.java:126) ~[amqp-client-5.4.1.jar:5.4.1]
	at com.rabbitmq.client.impl.AMQChannel.wrap(AMQChannel.java:122) ~[amqp-client-5.4.1.jar:5.4.1]
	at com.rabbitmq.client.impl.AMQConnection.start(AMQConnection.java:373) ~[amqp-client-5.4.1.jar:5.4.1]
	at com.rabbitmq.client.ConnectionFactory.newConnection(ConnectionFactory.java:1104) ~[amqp-client-5.4.1.jar:5.4.1]
	at com.rabbitmq.client.ConnectionFactory.newConnection(ConnectionFactory.java:1054) ~[amqp-client-5.4.1.jar:5.4.1]
	at com.rabbitmq.client.ConnectionFactory.newConnection(ConnectionFactory.java:994) ~[amqp-client-5.4.1.jar:5.4.1]
	at org.springframework.amqp.rabbit.connection.AbstractConnectionFactory.createBareConnection(AbstractConnectionFactory.java:457) ~[spring-rabbit-2.0.6.RELEASE.jar:2.0.6.RELEASE]
	... 9 common frames omitted
Caused by: com.rabbitmq.client.ShutdownSignalException: connection error
	at com.rabbitmq.utility.ValueOrException.getValue(ValueOrException.java:66) ~[amqp-client-5.4.1.jar:5.4.1]
	at com.rabbitmq.utility.BlockingValueOrException.uninterruptibleGetValue(BlockingValueOrException.java:36) ~[amqp-client-5.4.1.jar:5.4.1]
	at com.rabbitmq.client.impl.AMQChannel$BlockingRpcContinuation.getReply(AMQChannel.java:494) ~[amqp-client-5.4.1.jar:5.4.1]
	at com.rabbitmq.client.impl.AMQConnection.start(AMQConnection.java:315) ~[amqp-client-5.4.1.jar:5.4.1]
	... 13 common frames omitted
Caused by: java.io.EOFException: null
	at java.io.DataInputStream.readFully(DataInputStream.java:197) ~[na:1.8.0_131]
	at java.io.DataInputStream.readFully(DataInputStream.java:169) ~[na:1.8.0_131]
	at com.rabbitmq.client.impl.Frame.readFrom(Frame.java:113) ~[amqp-client-5.4.1.jar:5.4.1]
	at com.rabbitmq.client.impl.SocketFrameHandler.readFrame(SocketFrameHandler.java:164) ~[amqp-client-5.4.1.jar:5.4.1]
	at com.rabbitmq.client.impl.AMQConnection$MainLoop.run(AMQConnection.java:596) ~[amqp-client-5.4.1.jar:5.4.1]
	... 1 common frames omitted

2018-10-15 16:57:13.254  INFO 34209 --- [SimpleAsyncTaskExecutor-1] o.s.a.r.c.CachingConnectionFactory       : Attempting to connect to: [127.0.0.1:61616]
2018-10-15 16:57:14.222  INFO 34209 --- [main] c.e.s.RabbitMqHelloTest                  : Started RabbitMqHelloTest in 7.287 seconds (JVM running for 8.25)
2018-10-15 16:57:14.326  INFO 34209 --- [main] o.s.a.r.c.CachingConnectionFactory       : Attempting to connect to: [127.0.0.1:61616]
2018-10-15 16:57:15.194  INFO 34209 --- [Thread-2] o.s.w.c.s.GenericWebApplicationContext   : Closing org.springframework.web.context.support.GenericWebApplicationContext@5e7cd6cc: startup date [Mon Oct 15 16:57:07 CST 2018]; root of context hierarchy
2018-10-15 16:57:15.197  INFO 34209 --- [Thread-2] o.s.c.support.DefaultLifecycleProcessor  : Stopping beans in phase 2147483647
2018-10-15 16:57:15.198  INFO 34209 --- [Thread-2] o.s.a.r.l.SimpleMessageListenerContainer : Waiting for workers to finish.
2018-10-15 16:57:15.198  INFO 34209 --- [Thread-2] o.s.a.r.l.SimpleMessageListenerContainer : Successfully waited for workers to finish.
2018-10-15 16:57:15.198  INFO 34209 --- [Thread-2] o.s.c.support.DefaultLifecycleProcessor  : Stopping beans in phase 0
2018-10-15 16:57:15.201  INFO 34209 --- [Thread-2] o.s.a.r.l.SimpleMessageListenerContainer : Shutdown ignored - container is not active already
2018-10-15 16:57:15.217  INFO 34209 --- [Thread-2] j.LocalContainerEntityManagerFactoryBean : Closing JPA EntityManagerFactory for persistence unit 'default'
2018-10-15 16:57:15.217  INFO 34209 --- [Thread-2] com.zaxxer.hikari.HikariDataSource       : HikariPool-1 - Shutdown initiated...
2018-10-15 16:57:15.220  INFO 34209 --- [Thread-2] com.zaxxer.hikari.HikariDataSource       : HikariPool-1 - Shutdown completed.
2018-10-15 17:14:16.415  INFO 35722 --- [main] c.e.s.RabbitMqHelloTest                  : Starting RabbitMqHelloTest on MBC02V109EG8WN.local with PID 35722 (started by fan.zhang1 in /Users/fan.zhang1/fan/learn-springboot/spring-boot-helloworld)
2018-10-15 17:14:16.419  INFO 35722 --- [main] c.e.s.RabbitMqHelloTest                  : No active profile set, falling back to default profiles: default
2018-10-15 17:14:16.465  INFO 35722 --- [main] o.s.w.c.s.GenericWebApplicationContext   : Refreshing org.springframework.web.context.support.GenericWebApplicationContext@5e7cd6cc: startup date [Mon Oct 15 17:14:16 CST 2018]; root of context hierarchy
2018-10-15 17:14:17.285  INFO 35722 --- [main] .s.d.r.c.RepositoryConfigurationDelegate : Multiple Spring Data modules found, entering strict repository configuration mode!
2018-10-15 17:14:17.480  INFO 35722 --- [main] .s.d.r.c.RepositoryConfigurationDelegate : Multiple Spring Data modules found, entering strict repository configuration mode!
2018-10-15 17:14:17.496  INFO 35722 --- [main] .RepositoryConfigurationExtensionSupport : Spring Data Redis - Could not safely identify store assignment for repository candidate interface com.example.springboothelloworld.Repository.UserRepository.
2018-10-15 17:14:17.929  INFO 35722 --- [main] trationDelegate$BeanPostProcessorChecker : Bean 'org.springframework.amqp.rabbit.annotation.RabbitBootstrapConfiguration' of type [org.springframework.amqp.rabbit.annotation.RabbitBootstrapConfiguration$$EnhancerBySpringCGLIB$$53ce72f7] is not eligible for getting processed by all BeanPostProcessors (for example: not eligible for auto-proxying)
2018-10-15 17:14:17.981  INFO 35722 --- [main] trationDelegate$BeanPostProcessorChecker : Bean 'org.springframework.transaction.annotation.ProxyTransactionManagementConfiguration' of type [org.springframework.transaction.annotation.ProxyTransactionManagementConfiguration$$EnhancerBySpringCGLIB$$8d62b4c9] is not eligible for getting processed by all BeanPostProcessors (for example: not eligible for auto-proxying)
2018-10-15 17:14:18.010  INFO 35722 --- [main] trationDelegate$BeanPostProcessorChecker : Bean 'redisConfig' of type [com.example.springboothelloworld.configuration.RedisConfig$$EnhancerBySpringCGLIB$$98846635] is not eligible for getting processed by all BeanPostProcessors (for example: not eligible for auto-proxying)
2018-10-15 17:14:18.237  INFO 35722 --- [main] com.zaxxer.hikari.HikariDataSource       : HikariPool-1 - Starting...
2018-10-15 17:14:18.606  INFO 35722 --- [main] com.zaxxer.hikari.HikariDataSource       : HikariPool-1 - Start completed.
2018-10-15 17:14:18.652  INFO 35722 --- [main] j.LocalContainerEntityManagerFactoryBean : Building JPA container EntityManagerFactory for persistence unit 'default'
2018-10-15 17:14:19.508  INFO 35722 --- [main] j.LocalContainerEntityManagerFactoryBean : Initialized JPA EntityManagerFactory for persistence unit 'default'
2018-10-15 17:14:20.077  INFO 35722 --- [main] s.w.s.m.m.a.RequestMappingHandlerMapping : Mapped "{[/hello]}" onto public com.example.springboothelloworld.pojo.User com.example.springboothelloworld.controller.UserController.say()
2018-10-15 17:14:20.082  INFO 35722 --- [main] s.w.s.m.m.a.RequestMappingHandlerMapping : Mapped "{[/error]}" onto public org.springframework.http.ResponseEntity<java.util.Map<java.lang.String, java.lang.Object>> org.springframework.boot.autoconfigure.web.servlet.error.BasicErrorController.error(javax.servlet.http.HttpServletRequest)
2018-10-15 17:14:20.083  INFO 35722 --- [main] s.w.s.m.m.a.RequestMappingHandlerMapping : Mapped "{[/error],produces=[text/html]}" onto public org.springframework.web.servlet.ModelAndView org.springframework.boot.autoconfigure.web.servlet.error.BasicErrorController.errorHtml(javax.servlet.http.HttpServletRequest,javax.servlet.http.HttpServletResponse)
2018-10-15 17:14:20.179  INFO 35722 --- [main] s.w.s.m.m.a.RequestMappingHandlerAdapter : Looking for @ControllerAdvice: org.springframework.web.context.support.GenericWebApplicationContext@5e7cd6cc: startup date [Mon Oct 15 17:14:16 CST 2018]; root of context hierarchy
2018-10-15 17:14:20.664  WARN 35722 --- [main] aWebConfiguration$JpaWebMvcConfiguration : spring.jpa.open-in-view is enabled by default. Therefore, database queries may be performed during view rendering. Explicitly configure spring.jpa.open-in-view to disable this warning
2018-10-15 17:14:21.537  INFO 35722 --- [main] o.s.c.support.DefaultLifecycleProcessor  : Starting beans in phase 2147483647
2018-10-15 17:14:21.545  INFO 35722 --- [SimpleAsyncTaskExecutor-1] o.s.a.r.c.CachingConnectionFactory       : Attempting to connect to: [127.0.0.1:61616]
2018-10-15 17:14:22.433 ERROR 35722 --- [SimpleAsyncTaskExecutor-1] o.s.a.r.l.SimpleMessageListenerContainer : Failed to check/redeclare auto-delete queue(s).

org.springframework.amqp.AmqpIOException: java.io.IOException
	at org.springframework.amqp.rabbit.support.RabbitExceptionTranslator.convertRabbitAccessException(RabbitExceptionTranslator.java:71) ~[spring-rabbit-2.0.6.RELEASE.jar:2.0.6.RELEASE]
	at org.springframework.amqp.rabbit.connection.AbstractConnectionFactory.createBareConnection(AbstractConnectionFactory.java:484) ~[spring-rabbit-2.0.6.RELEASE.jar:2.0.6.RELEASE]
	at org.springframework.amqp.rabbit.connection.CachingConnectionFactory.createConnection(CachingConnectionFactory.java:628) ~[spring-rabbit-2.0.6.RELEASE.jar:2.0.6.RELEASE]
	at org.springframework.amqp.rabbit.connection.ConnectionFactoryUtils.createConnection(ConnectionFactoryUtils.java:240) ~[spring-rabbit-2.0.6.RELEASE.jar:2.0.6.RELEASE]
	at org.springframework.amqp.rabbit.core.RabbitTemplate.doExecute(RabbitTemplate.java:1816) ~[spring-rabbit-2.0.6.RELEASE.jar:2.0.6.RELEASE]
	at org.springframework.amqp.rabbit.core.RabbitTemplate.execute(RabbitTemplate.java:1790) ~[spring-rabbit-2.0.6.RELEASE.jar:2.0.6.RELEASE]
	at org.springframework.amqp.rabbit.core.RabbitTemplate.execute(RabbitTemplate.java:1771) ~[spring-rabbit-2.0.6.RELEASE.jar:2.0.6.RELEASE]
	at org.springframework.amqp.rabbit.core.RabbitAdmin.getQueueProperties(RabbitAdmin.java:345) ~[spring-rabbit-2.0.6.RELEASE.jar:2.0.6.RELEASE]
	at org.springframework.amqp.rabbit.listener.AbstractMessageListenerContainer.redeclareElementsIfNecessary(AbstractMessageListenerContainer.java:1604) ~[spring-rabbit-2.0.6.RELEASE.jar:2.0.6.RELEASE]
	at org.springframework.amqp.rabbit.listener.SimpleMessageListenerContainer$AsyncMessageProcessingConsumer.run(SimpleMessageListenerContainer.java:995) [spring-rabbit-2.0.6.RELEASE.jar:2.0.6.RELEASE]
	at java.lang.Thread.run(Thread.java:748) [na:1.8.0_131]
Caused by: java.io.IOException: null
	at com.rabbitmq.client.impl.AMQChannel.wrap(AMQChannel.java:126) ~[amqp-client-5.4.1.jar:5.4.1]
	at com.rabbitmq.client.impl.AMQChannel.wrap(AMQChannel.java:122) ~[amqp-client-5.4.1.jar:5.4.1]
	at com.rabbitmq.client.impl.AMQConnection.start(AMQConnection.java:373) ~[amqp-client-5.4.1.jar:5.4.1]
	at com.rabbitmq.client.ConnectionFactory.newConnection(ConnectionFactory.java:1104) ~[amqp-client-5.4.1.jar:5.4.1]
	at com.rabbitmq.client.ConnectionFactory.newConnection(ConnectionFactory.java:1054) ~[amqp-client-5.4.1.jar:5.4.1]
	at com.rabbitmq.client.ConnectionFactory.newConnection(ConnectionFactory.java:994) ~[amqp-client-5.4.1.jar:5.4.1]
	at org.springframework.amqp.rabbit.connection.AbstractConnectionFactory.createBareConnection(AbstractConnectionFactory.java:457) ~[spring-rabbit-2.0.6.RELEASE.jar:2.0.6.RELEASE]
	... 9 common frames omitted
Caused by: com.rabbitmq.client.ShutdownSignalException: connection error
	at com.rabbitmq.utility.ValueOrException.getValue(ValueOrException.java:66) ~[amqp-client-5.4.1.jar:5.4.1]
	at com.rabbitmq.utility.BlockingValueOrException.uninterruptibleGetValue(BlockingValueOrException.java:36) ~[amqp-client-5.4.1.jar:5.4.1]
	at com.rabbitmq.client.impl.AMQChannel$BlockingRpcContinuation.getReply(AMQChannel.java:494) ~[amqp-client-5.4.1.jar:5.4.1]
	at com.rabbitmq.client.impl.AMQConnection.start(AMQConnection.java:315) ~[amqp-client-5.4.1.jar:5.4.1]
	... 13 common frames omitted
Caused by: java.io.EOFException: null
	at java.io.DataInputStream.readFully(DataInputStream.java:197) ~[na:1.8.0_131]
	at java.io.DataInputStream.readFully(DataInputStream.java:169) ~[na:1.8.0_131]
	at com.rabbitmq.client.impl.Frame.readFrom(Frame.java:113) ~[amqp-client-5.4.1.jar:5.4.1]
	at com.rabbitmq.client.impl.SocketFrameHandler.readFrame(SocketFrameHandler.java:164) ~[amqp-client-5.4.1.jar:5.4.1]
	at com.rabbitmq.client.impl.AMQConnection$MainLoop.run(AMQConnection.java:596) ~[amqp-client-5.4.1.jar:5.4.1]
	... 1 common frames omitted

2018-10-15 17:14:22.437  INFO 35722 --- [SimpleAsyncTaskExecutor-1] o.s.a.r.c.CachingConnectionFactory       : Attempting to connect to: [127.0.0.1:61616]
2018-10-15 17:14:23.312  INFO 35722 --- [main] c.e.s.RabbitMqHelloTest                  : Started RabbitMqHelloTest in 7.55 seconds (JVM running for 8.865)
2018-10-15 17:14:23.876  INFO 35722 --- [main] o.s.a.r.c.CachingConnectionFactory       : Attempting to connect to: [127.0.0.1:61616]
2018-10-15 17:14:24.403  INFO 35722 --- [Thread-2] o.s.w.c.s.GenericWebApplicationContext   : Closing org.springframework.web.context.support.GenericWebApplicationContext@5e7cd6cc: startup date [Mon Oct 15 17:14:16 CST 2018]; root of context hierarchy
2018-10-15 17:14:24.406  INFO 35722 --- [Thread-2] o.s.c.support.DefaultLifecycleProcessor  : Stopping beans in phase 2147483647
2018-10-15 17:14:24.407  INFO 35722 --- [Thread-2] o.s.a.r.l.SimpleMessageListenerContainer : Waiting for workers to finish.
2018-10-15 17:14:24.408  INFO 35722 --- [Thread-2] o.s.a.r.l.SimpleMessageListenerContainer : Successfully waited for workers to finish.
2018-10-15 17:14:24.409  INFO 35722 --- [Thread-2] o.s.c.support.DefaultLifecycleProcessor  : Stopping beans in phase 0
2018-10-15 17:14:24.414  INFO 35722 --- [Thread-2] o.s.a.r.l.SimpleMessageListenerContainer : Shutdown ignored - container is not active already
2018-10-15 17:14:24.429  INFO 35722 --- [Thread-2] j.LocalContainerEntityManagerFactoryBean : Closing JPA EntityManagerFactory for persistence unit 'default'
2018-10-15 17:14:24.430  INFO 35722 --- [Thread-2] com.zaxxer.hikari.HikariDataSource       : HikariPool-1 - Shutdown initiated...
2018-10-15 17:14:24.435  INFO 35722 --- [Thread-2] com.zaxxer.hikari.HikariDataSource       : HikariPool-1 - Shutdown completed.
2018-10-15 17:37:28.261  INFO 41249 --- [main] c.e.s.RabbitMqHelloTest                  : Starting RabbitMqHelloTest on MBC02V109EG8WN.local with PID 41249 (started by fan.zhang1 in /Users/fan.zhang1/fan/learn-springboot/spring-boot-helloworld)
2018-10-15 17:37:28.263  INFO 41249 --- [main] c.e.s.RabbitMqHelloTest                  : No active profile set, falling back to default profiles: default
2018-10-15 17:37:28.319  INFO 41249 --- [main] o.s.w.c.s.GenericWebApplicationContext   : Refreshing org.springframework.web.context.support.GenericWebApplicationContext@5e7cd6cc: startup date [Mon Oct 15 17:37:28 CST 2018]; root of context hierarchy
2018-10-15 17:37:29.340  INFO 41249 --- [main] .s.d.r.c.RepositoryConfigurationDelegate : Multiple Spring Data modules found, entering strict repository configuration mode!
2018-10-15 17:37:29.538  INFO 41249 --- [main] .s.d.r.c.RepositoryConfigurationDelegate : Multiple Spring Data modules found, entering strict repository configuration mode!
2018-10-15 17:37:29.555  INFO 41249 --- [main] .RepositoryConfigurationExtensionSupport : Spring Data Redis - Could not safely identify store assignment for repository candidate interface com.example.springboothelloworld.Repository.UserRepository.
2018-10-15 17:37:29.989  INFO 41249 --- [main] trationDelegate$BeanPostProcessorChecker : Bean 'org.springframework.amqp.rabbit.annotation.RabbitBootstrapConfiguration' of type [org.springframework.amqp.rabbit.annotation.RabbitBootstrapConfiguration$$EnhancerBySpringCGLIB$$9c96f916] is not eligible for getting processed by all BeanPostProcessors (for example: not eligible for auto-proxying)
2018-10-15 17:37:30.036  INFO 41249 --- [main] trationDelegate$BeanPostProcessorChecker : Bean 'org.springframework.transaction.annotation.ProxyTransactionManagementConfiguration' of type [org.springframework.transaction.annotation.ProxyTransactionManagementConfiguration$$EnhancerBySpringCGLIB$$d62b3ae8] is not eligible for getting processed by all BeanPostProcessors (for example: not eligible for auto-proxying)
2018-10-15 17:37:30.064  INFO 41249 --- [main] trationDelegate$BeanPostProcessorChecker : Bean 'redisConfig' of type [com.example.springboothelloworld.configuration.RedisConfig$$EnhancerBySpringCGLIB$$e14cec54] is not eligible for getting processed by all BeanPostProcessors (for example: not eligible for auto-proxying)
2018-10-15 17:37:30.290  INFO 41249 --- [main] com.zaxxer.hikari.HikariDataSource       : HikariPool-1 - Starting...
2018-10-15 17:37:30.650  INFO 41249 --- [main] com.zaxxer.hikari.HikariDataSource       : HikariPool-1 - Start completed.
2018-10-15 17:37:30.697  INFO 41249 --- [main] j.LocalContainerEntityManagerFactoryBean : Building JPA container EntityManagerFactory for persistence unit 'default'
2018-10-15 17:37:31.685  INFO 41249 --- [main] j.LocalContainerEntityManagerFactoryBean : Initialized JPA EntityManagerFactory for persistence unit 'default'
2018-10-15 17:37:32.233  INFO 41249 --- [main] s.w.s.m.m.a.RequestMappingHandlerMapping : Mapped "{[/hello]}" onto public com.example.springboothelloworld.pojo.User com.example.springboothelloworld.controller.UserController.say()
2018-10-15 17:37:32.238  INFO 41249 --- [main] s.w.s.m.m.a.RequestMappingHandlerMapping : Mapped "{[/error]}" onto public org.springframework.http.ResponseEntity<java.util.Map<java.lang.String, java.lang.Object>> org.springframework.boot.autoconfigure.web.servlet.error.BasicErrorController.error(javax.servlet.http.HttpServletRequest)
2018-10-15 17:37:32.239  INFO 41249 --- [main] s.w.s.m.m.a.RequestMappingHandlerMapping : Mapped "{[/error],produces=[text/html]}" onto public org.springframework.web.servlet.ModelAndView org.springframework.boot.autoconfigure.web.servlet.error.BasicErrorController.errorHtml(javax.servlet.http.HttpServletRequest,javax.servlet.http.HttpServletResponse)
2018-10-15 17:37:32.340  INFO 41249 --- [main] s.w.s.m.m.a.RequestMappingHandlerAdapter : Looking for @ControllerAdvice: org.springframework.web.context.support.GenericWebApplicationContext@5e7cd6cc: startup date [Mon Oct 15 17:37:28 CST 2018]; root of context hierarchy
2018-10-15 17:37:32.735  WARN 41249 --- [main] aWebConfiguration$JpaWebMvcConfiguration : spring.jpa.open-in-view is enabled by default. Therefore, database queries may be performed during view rendering. Explicitly configure spring.jpa.open-in-view to disable this warning
2018-10-15 17:37:33.566  INFO 41249 --- [main] o.s.c.support.DefaultLifecycleProcessor  : Starting beans in phase 2147483647
2018-10-15 17:37:33.575  INFO 41249 --- [SimpleAsyncTaskExecutor-1] o.s.a.r.c.CachingConnectionFactory       : Attempting to connect to: [127.0.0.1:5672]
2018-10-15 17:37:33.806  WARN 41249 --- [AMQP Connection 127.0.0.1:5672] c.r.c.impl.ForgivingExceptionHandler     : An unexpected connection driver error occured (Exception message: Socket closed)
2018-10-15 17:37:33.821 ERROR 41249 --- [SimpleAsyncTaskExecutor-1] o.s.a.r.l.SimpleMessageListenerContainer : Failed to check/redeclare auto-delete queue(s).

org.springframework.amqp.AmqpIOException: java.io.IOException
	at org.springframework.amqp.rabbit.support.RabbitExceptionTranslator.convertRabbitAccessException(RabbitExceptionTranslator.java:71) ~[spring-rabbit-2.0.6.RELEASE.jar:2.0.6.RELEASE]
	at org.springframework.amqp.rabbit.connection.AbstractConnectionFactory.createBareConnection(AbstractConnectionFactory.java:484) ~[spring-rabbit-2.0.6.RELEASE.jar:2.0.6.RELEASE]
	at org.springframework.amqp.rabbit.connection.CachingConnectionFactory.createConnection(CachingConnectionFactory.java:628) ~[spring-rabbit-2.0.6.RELEASE.jar:2.0.6.RELEASE]
	at org.springframework.amqp.rabbit.connection.ConnectionFactoryUtils.createConnection(ConnectionFactoryUtils.java:240) ~[spring-rabbit-2.0.6.RELEASE.jar:2.0.6.RELEASE]
	at org.springframework.amqp.rabbit.core.RabbitTemplate.doExecute(RabbitTemplate.java:1816) ~[spring-rabbit-2.0.6.RELEASE.jar:2.0.6.RELEASE]
	at org.springframework.amqp.rabbit.core.RabbitTemplate.execute(RabbitTemplate.java:1790) ~[spring-rabbit-2.0.6.RELEASE.jar:2.0.6.RELEASE]
	at org.springframework.amqp.rabbit.core.RabbitTemplate.execute(RabbitTemplate.java:1771) ~[spring-rabbit-2.0.6.RELEASE.jar:2.0.6.RELEASE]
	at org.springframework.amqp.rabbit.core.RabbitAdmin.getQueueProperties(RabbitAdmin.java:345) ~[spring-rabbit-2.0.6.RELEASE.jar:2.0.6.RELEASE]
	at org.springframework.amqp.rabbit.listener.AbstractMessageListenerContainer.redeclareElementsIfNecessary(AbstractMessageListenerContainer.java:1604) ~[spring-rabbit-2.0.6.RELEASE.jar:2.0.6.RELEASE]
	at org.springframework.amqp.rabbit.listener.SimpleMessageListenerContainer$AsyncMessageProcessingConsumer.run(SimpleMessageListenerContainer.java:995) [spring-rabbit-2.0.6.RELEASE.jar:2.0.6.RELEASE]
	at java.lang.Thread.run(Thread.java:748) [na:1.8.0_131]
Caused by: java.io.IOException: null
	at com.rabbitmq.client.impl.AMQChannel.wrap(AMQChannel.java:126) ~[amqp-client-5.4.1.jar:5.4.1]
	at com.rabbitmq.client.impl.AMQChannel.wrap(AMQChannel.java:122) ~[amqp-client-5.4.1.jar:5.4.1]
	at com.rabbitmq.client.impl.AMQChannel.exnWrappingRpc(AMQChannel.java:144) ~[amqp-client-5.4.1.jar:5.4.1]
	at com.rabbitmq.client.impl.AMQConnection.start(AMQConnection.java:401) ~[amqp-client-5.4.1.jar:5.4.1]
	at com.rabbitmq.client.ConnectionFactory.newConnection(ConnectionFactory.java:1104) ~[amqp-client-5.4.1.jar:5.4.1]
	at com.rabbitmq.client.ConnectionFactory.newConnection(ConnectionFactory.java:1054) ~[amqp-client-5.4.1.jar:5.4.1]
	at com.rabbitmq.client.ConnectionFactory.newConnection(ConnectionFactory.java:994) ~[amqp-client-5.4.1.jar:5.4.1]
	at org.springframework.amqp.rabbit.connection.AbstractConnectionFactory.createBareConnection(AbstractConnectionFactory.java:457) ~[spring-rabbit-2.0.6.RELEASE.jar:2.0.6.RELEASE]
	... 9 common frames omitted
Caused by: com.rabbitmq.client.ShutdownSignalException: connection error; protocol method: #method<connection.close>(reply-code=530, reply-text=NOT_ALLOWED - access to vhost '/' refused for user 'admin', class-id=10, method-id=40)
	at com.rabbitmq.utility.ValueOrException.getValue(ValueOrException.java:66) ~[amqp-client-5.4.1.jar:5.4.1]
	at com.rabbitmq.utility.BlockingValueOrException.uninterruptibleGetValue(BlockingValueOrException.java:36) ~[amqp-client-5.4.1.jar:5.4.1]
	at com.rabbitmq.client.impl.AMQChannel$BlockingRpcContinuation.getReply(AMQChannel.java:494) ~[amqp-client-5.4.1.jar:5.4.1]
	at com.rabbitmq.client.impl.AMQChannel.privateRpc(AMQChannel.java:288) ~[amqp-client-5.4.1.jar:5.4.1]
	at com.rabbitmq.client.impl.AMQChannel.exnWrappingRpc(AMQChannel.java:138) ~[amqp-client-5.4.1.jar:5.4.1]
	... 14 common frames omitted

2018-10-15 17:37:33.824  INFO 41249 --- [SimpleAsyncTaskExecutor-1] o.s.a.r.c.CachingConnectionFactory       : Attempting to connect to: [127.0.0.1:5672]
2018-10-15 17:37:33.828  WARN 41249 --- [AMQP Connection 127.0.0.1:5672] c.r.c.impl.ForgivingExceptionHandler     : An unexpected connection driver error occured (Exception message: Socket closed)
2018-10-15 17:37:33.841  INFO 41249 --- [main] c.e.s.RabbitMqHelloTest                  : Started RabbitMqHelloTest in 6.104 seconds (JVM running for 7.33)
2018-10-15 17:37:33.956  INFO 41249 --- [main] o.s.a.r.c.CachingConnectionFactory       : Attempting to connect to: [127.0.0.1:5672]
2018-10-15 17:37:33.961  WARN 41249 --- [AMQP Connection 127.0.0.1:5672] c.r.c.impl.ForgivingExceptionHandler     : An unexpected connection driver error occured (Exception message: Socket closed)
2018-10-15 17:37:33.974  INFO 41249 --- [Thread-2] o.s.w.c.s.GenericWebApplicationContext   : Closing org.springframework.web.context.support.GenericWebApplicationContext@5e7cd6cc: startup date [Mon Oct 15 17:37:28 CST 2018]; root of context hierarchy
2018-10-15 17:37:33.976  INFO 41249 --- [Thread-2] o.s.c.support.DefaultLifecycleProcessor  : Stopping beans in phase 2147483647
2018-10-15 17:37:33.978  INFO 41249 --- [Thread-2] o.s.a.r.l.SimpleMessageListenerContainer : Waiting for workers to finish.
2018-10-15 17:37:33.978  INFO 41249 --- [Thread-2] o.s.a.r.l.SimpleMessageListenerContainer : Successfully waited for workers to finish.
2018-10-15 17:37:33.978  INFO 41249 --- [Thread-2] o.s.c.support.DefaultLifecycleProcessor  : Stopping beans in phase 0
2018-10-15 17:37:33.981  INFO 41249 --- [Thread-2] o.s.a.r.l.SimpleMessageListenerContainer : Shutdown ignored - container is not active already
2018-10-15 17:37:33.996  INFO 41249 --- [Thread-2] j.LocalContainerEntityManagerFactoryBean : Closing JPA EntityManagerFactory for persistence unit 'default'
2018-10-15 17:37:33.997  INFO 41249 --- [Thread-2] com.zaxxer.hikari.HikariDataSource       : HikariPool-1 - Shutdown initiated...
2018-10-15 17:37:34.003  INFO 41249 --- [Thread-2] com.zaxxer.hikari.HikariDataSource       : HikariPool-1 - Shutdown completed.
2018-10-15 17:39:34.612  INFO 41832 --- [main] c.e.s.RabbitMqHelloTest                  : Starting RabbitMqHelloTest on MBC02V109EG8WN.local with PID 41832 (started by fan.zhang1 in /Users/fan.zhang1/fan/learn-springboot/spring-boot-helloworld)
2018-10-15 17:39:34.615  INFO 41832 --- [main] c.e.s.RabbitMqHelloTest                  : No active profile set, falling back to default profiles: default
2018-10-15 17:39:34.653  INFO 41832 --- [main] o.s.w.c.s.GenericWebApplicationContext   : Refreshing org.springframework.web.context.support.GenericWebApplicationContext@57bc27f5: startup date [Mon Oct 15 17:39:34 CST 2018]; root of context hierarchy
2018-10-15 17:39:35.469  INFO 41832 --- [main] .s.d.r.c.RepositoryConfigurationDelegate : Multiple Spring Data modules found, entering strict repository configuration mode!
2018-10-15 17:39:35.757  INFO 41832 --- [main] .s.d.r.c.RepositoryConfigurationDelegate : Multiple Spring Data modules found, entering strict repository configuration mode!
2018-10-15 17:39:35.777  INFO 41832 --- [main] .RepositoryConfigurationExtensionSupport : Spring Data Redis - Could not safely identify store assignment for repository candidate interface com.example.springboothelloworld.Repository.UserRepository.
2018-10-15 17:39:36.223  INFO 41832 --- [main] trationDelegate$BeanPostProcessorChecker : Bean 'org.springframework.amqp.rabbit.annotation.RabbitBootstrapConfiguration' of type [org.springframework.amqp.rabbit.annotation.RabbitBootstrapConfiguration$$EnhancerBySpringCGLIB$$9c018460] is not eligible for getting processed by all BeanPostProcessors (for example: not eligible for auto-proxying)
2018-10-15 17:39:36.273  INFO 41832 --- [main] trationDelegate$BeanPostProcessorChecker : Bean 'org.springframework.transaction.annotation.ProxyTransactionManagementConfiguration' of type [org.springframework.transaction.annotation.ProxyTransactionManagementConfiguration$$EnhancerBySpringCGLIB$$d595c632] is not eligible for getting processed by all BeanPostProcessors (for example: not eligible for auto-proxying)
2018-10-15 17:39:36.306  INFO 41832 --- [main] trationDelegate$BeanPostProcessorChecker : Bean 'redisConfig' of type [com.example.springboothelloworld.configuration.RedisConfig$$EnhancerBySpringCGLIB$$e0b7779e] is not eligible for getting processed by all BeanPostProcessors (for example: not eligible for auto-proxying)
2018-10-15 17:39:36.531  INFO 41832 --- [main] com.zaxxer.hikari.HikariDataSource       : HikariPool-1 - Starting...
2018-10-15 17:39:36.868  INFO 41832 --- [main] com.zaxxer.hikari.HikariDataSource       : HikariPool-1 - Start completed.
2018-10-15 17:39:36.915  INFO 41832 --- [main] j.LocalContainerEntityManagerFactoryBean : Building JPA container EntityManagerFactory for persistence unit 'default'
2018-10-15 17:39:37.718  INFO 41832 --- [main] j.LocalContainerEntityManagerFactoryBean : Initialized JPA EntityManagerFactory for persistence unit 'default'
2018-10-15 17:39:38.225  INFO 41832 --- [main] s.w.s.m.m.a.RequestMappingHandlerMapping : Mapped "{[/hello]}" onto public com.example.springboothelloworld.pojo.User com.example.springboothelloworld.controller.UserController.say()
2018-10-15 17:39:38.230  INFO 41832 --- [main] s.w.s.m.m.a.RequestMappingHandlerMapping : Mapped "{[/error]}" onto public org.springframework.http.ResponseEntity<java.util.Map<java.lang.String, java.lang.Object>> org.springframework.boot.autoconfigure.web.servlet.error.BasicErrorController.error(javax.servlet.http.HttpServletRequest)
2018-10-15 17:39:38.230  INFO 41832 --- [main] s.w.s.m.m.a.RequestMappingHandlerMapping : Mapped "{[/error],produces=[text/html]}" onto public org.springframework.web.servlet.ModelAndView org.springframework.boot.autoconfigure.web.servlet.error.BasicErrorController.errorHtml(javax.servlet.http.HttpServletRequest,javax.servlet.http.HttpServletResponse)
2018-10-15 17:39:38.311  INFO 41832 --- [main] s.w.s.m.m.a.RequestMappingHandlerAdapter : Looking for @ControllerAdvice: org.springframework.web.context.support.GenericWebApplicationContext@57bc27f5: startup date [Mon Oct 15 17:39:34 CST 2018]; root of context hierarchy
2018-10-15 17:39:38.711  WARN 41832 --- [main] aWebConfiguration$JpaWebMvcConfiguration : spring.jpa.open-in-view is enabled by default. Therefore, database queries may be performed during view rendering. Explicitly configure spring.jpa.open-in-view to disable this warning
2018-10-15 17:39:39.558  INFO 41832 --- [main] o.s.c.support.DefaultLifecycleProcessor  : Starting beans in phase 2147483647
2018-10-15 17:39:39.571  INFO 41832 --- [SimpleAsyncTaskExecutor-1] o.s.a.r.c.CachingConnectionFactory       : Attempting to connect to: [127.0.0.1:5672]
2018-10-15 17:39:39.800  INFO 41832 --- [SimpleAsyncTaskExecutor-1] o.s.a.r.c.CachingConnectionFactory       : Created new connection: rabbitConnectionFactory#5d508d22:0/SimpleConnection@12bbf2e0 [delegate=amqp://admin@127.0.0.1:5672/, localPort= 64804]
2018-10-15 17:39:39.877  INFO 41832 --- [main] c.e.s.RabbitMqHelloTest                  : Started RabbitMqHelloTest in 5.885 seconds (JVM running for 6.962)
2018-10-15 17:39:39.975  INFO 41832 --- [Thread-2] o.s.w.c.s.GenericWebApplicationContext   : Closing org.springframework.web.context.support.GenericWebApplicationContext@57bc27f5: startup date [Mon Oct 15 17:39:34 CST 2018]; root of context hierarchy
2018-10-15 17:39:39.977  INFO 41832 --- [Thread-2] o.s.c.support.DefaultLifecycleProcessor  : Stopping beans in phase 2147483647
2018-10-15 17:39:39.980  INFO 41832 --- [Thread-2] o.s.a.r.l.SimpleMessageListenerContainer : Waiting for workers to finish.
2018-10-15 17:39:39.991  INFO 41832 --- [Thread-2] o.s.a.r.l.SimpleMessageListenerContainer : Successfully waited for workers to finish.
2018-10-15 17:39:39.991  INFO 41832 --- [Thread-2] o.s.c.support.DefaultLifecycleProcessor  : Stopping beans in phase 0
2018-10-15 17:39:39.994  INFO 41832 --- [Thread-2] o.s.a.r.l.SimpleMessageListenerContainer : Shutdown ignored - container is not active already
2018-10-15 17:39:40.011  INFO 41832 --- [Thread-2] j.LocalContainerEntityManagerFactoryBean : Closing JPA EntityManagerFactory for persistence unit 'default'
2018-10-15 17:39:40.012  INFO 41832 --- [Thread-2] com.zaxxer.hikari.HikariDataSource       : HikariPool-1 - Shutdown initiated...
2018-10-15 17:39:40.016  INFO 41832 --- [Thread-2] com.zaxxer.hikari.HikariDataSource       : HikariPool-1 - Shutdown completed.
