2018-10-07 16:00:53.375  INFO 49410 --- [main] c.e.s.SpringBootHelloworldApplication    : Starting SpringBootHelloworldApplication on MBC02V109EG8WN.local with PID 49410 (/Users/fan.zhang1/fan/learn-springboot/spring-boot-helloworld/target/classes started by fan.zhang1 in /Users/fan.zhang1/fan/learn-springboot)
2018-10-07 16:00:53.378  INFO 49410 --- [main] c.e.s.SpringBootHelloworldApplication    : No active profile set, falling back to default profiles: default
2018-10-07 16:00:53.421  INFO 49410 --- [main] ConfigServletWebServerApplicationContext : Refreshing org.springframework.boot.web.servlet.context.AnnotationConfigServletWebServerApplicationContext@1c93084c: startup date [Sun Oct 07 16:00:53 CST 2018]; root of context hierarchy
2018-10-07 16:00:54.312  INFO 49410 --- [main] o.s.b.w.embedded.tomcat.TomcatWebServer  : Tomcat initialized with port(s): 8080 (http)
2018-10-07 16:00:54.329  INFO 49410 --- [main] o.apache.catalina.core.StandardService   : Starting service [Tomcat]
2018-10-07 16:00:54.329  INFO 49410 --- [main] org.apache.catalina.core.StandardEngine  : Starting Servlet Engine: Apache Tomcat/8.5.34
2018-10-07 16:00:54.332  INFO 49410 --- [localhost-startStop-1] o.a.catalina.core.AprLifecycleListener   : The APR based Apache Tomcat Native library which allows optimal performance in production environments was not found on the java.library.path: [/Users/fan.zhang1/Library/Java/Extensions:/Library/Java/Extensions:/Network/Library/Java/Extensions:/System/Library/Java/Extensions:/usr/lib/java:.]
2018-10-07 16:00:54.406  INFO 49410 --- [localhost-startStop-1] o.a.c.c.C.[Tomcat].[localhost].[/]       : Initializing Spring embedded WebApplicationContext
2018-10-07 16:00:54.407  INFO 49410 --- [localhost-startStop-1] o.s.web.context.ContextLoader            : Root WebApplicationContext: initialization completed in 986 ms
2018-10-07 16:00:54.442  INFO 49410 --- [localhost-startStop-1] o.s.b.w.servlet.FilterRegistrationBean   : Mapping filter: 'characterEncodingFilter' to: [/*]
2018-10-07 16:00:54.443  INFO 49410 --- [localhost-startStop-1] o.s.b.w.servlet.FilterRegistrationBean   : Mapping filter: 'MyFilter' to urls: [/*]
2018-10-07 16:00:54.443  INFO 49410 --- [localhost-startStop-1] o.s.b.w.servlet.FilterRegistrationBean   : Mapping filter: 'remoteIpFilter' to: [/*]
2018-10-07 16:00:54.443  INFO 49410 --- [localhost-startStop-1] o.s.b.w.servlet.ServletRegistrationBean  : Servlet dispatcherServlet mapped to [/]
2018-10-07 16:00:54.507  INFO 49410 --- [main] s.w.s.m.m.a.RequestMappingHandlerMapping : Mapped "{[/hello]}" onto public com.example.springboothelloworld.pojo.User com.example.springboothelloworld.controller.UserController.say()
2018-10-07 16:00:54.512  INFO 49410 --- [main] s.w.s.m.m.a.RequestMappingHandlerMapping : Mapped "{[/error]}" onto public org.springframework.http.ResponseEntity<java.util.Map<java.lang.String, java.lang.Object>> org.springframework.boot.autoconfigure.web.servlet.error.BasicErrorController.error(javax.servlet.http.HttpServletRequest)
2018-10-07 16:00:54.513  INFO 49410 --- [main] s.w.s.m.m.a.RequestMappingHandlerMapping : Mapped "{[/error],produces=[text/html]}" onto public org.springframework.web.servlet.ModelAndView org.springframework.boot.autoconfigure.web.servlet.error.BasicErrorController.errorHtml(javax.servlet.http.HttpServletRequest,javax.servlet.http.HttpServletResponse)
2018-10-07 16:00:54.565  INFO 49410 --- [main] s.w.s.m.m.a.RequestMappingHandlerAdapter : Looking for @ControllerAdvice: org.springframework.boot.web.servlet.context.AnnotationConfigServletWebServerApplicationContext@1c93084c: startup date [Sun Oct 07 16:00:53 CST 2018]; root of context hierarchy
2018-10-07 16:00:54.752  INFO 49410 --- [main] o.s.j.e.a.AnnotationMBeanExporter        : Registering beans for JMX exposure on startup
2018-10-07 16:00:54.790  INFO 49410 --- [main] o.s.b.w.embedded.tomcat.TomcatWebServer  : Tomcat started on port(s): 8080 (http) with context path ''
2018-10-07 16:00:54.793  INFO 49410 --- [main] c.e.s.SpringBootHelloworldApplication    : Started SpringBootHelloworldApplication in 1.766 seconds (JVM running for 2.436)
2018-10-07 16:01:15.914  INFO 49410 --- [Thread-7] ConfigServletWebServerApplicationContext : Closing org.springframework.boot.web.servlet.context.AnnotationConfigServletWebServerApplicationContext@1c93084c: startup date [Sun Oct 07 16:00:53 CST 2018]; root of context hierarchy
2018-10-07 16:01:15.917  INFO 49410 --- [Thread-7] o.s.j.e.a.AnnotationMBeanExporter        : Unregistering JMX-exposed beans on shutdown
2018-10-07 16:01:18.423  INFO 49505 --- [main] c.e.s.SpringBootHelloworldApplication    : Starting SpringBootHelloworldApplication on MBC02V109EG8WN.local with PID 49505 (/Users/fan.zhang1/fan/learn-springboot/spring-boot-helloworld/target/classes started by fan.zhang1 in /Users/fan.zhang1/fan/learn-springboot)
2018-10-07 16:01:18.426  INFO 49505 --- [main] c.e.s.SpringBootHelloworldApplication    : No active profile set, falling back to default profiles: default
2018-10-07 16:01:18.469  INFO 49505 --- [main] ConfigServletWebServerApplicationContext : Refreshing org.springframework.boot.web.servlet.context.AnnotationConfigServletWebServerApplicationContext@659a969b: startup date [Sun Oct 07 16:01:18 CST 2018]; root of context hierarchy
2018-10-07 16:01:19.466  INFO 49505 --- [main] o.s.b.w.embedded.tomcat.TomcatWebServer  : Tomcat initialized with port(s): 8080 (http)
2018-10-07 16:01:19.483  INFO 49505 --- [main] o.apache.catalina.core.StandardService   : Starting service [Tomcat]
2018-10-07 16:01:19.483  INFO 49505 --- [main] org.apache.catalina.core.StandardEngine  : Starting Servlet Engine: Apache Tomcat/8.5.34
2018-10-07 16:01:19.498  INFO 49505 --- [localhost-startStop-1] o.a.catalina.core.AprLifecycleListener   : The APR based Apache Tomcat Native library which allows optimal performance in production environments was not found on the java.library.path: [/Users/fan.zhang1/Library/Java/Extensions:/Library/Java/Extensions:/Network/Library/Java/Extensions:/System/Library/Java/Extensions:/usr/lib/java:.]
2018-10-07 16:01:19.553  INFO 49505 --- [localhost-startStop-1] o.a.c.c.C.[Tomcat].[localhost].[/]       : Initializing Spring embedded WebApplicationContext
2018-10-07 16:01:19.554  INFO 49505 --- [localhost-startStop-1] o.s.web.context.ContextLoader            : Root WebApplicationContext: initialization completed in 1085 ms
2018-10-07 16:01:19.595  INFO 49505 --- [localhost-startStop-1] o.s.b.w.servlet.FilterRegistrationBean   : Mapping filter: 'characterEncodingFilter' to: [/*]
2018-10-07 16:01:19.596  INFO 49505 --- [localhost-startStop-1] o.s.b.w.servlet.FilterRegistrationBean   : Mapping filter: 'MyFilter' to urls: [/*]
2018-10-07 16:01:19.596  INFO 49505 --- [localhost-startStop-1] o.s.b.w.servlet.FilterRegistrationBean   : Mapping filter: 'remoteIpFilter' to: [/*]
2018-10-07 16:01:19.596  INFO 49505 --- [localhost-startStop-1] o.s.b.w.servlet.ServletRegistrationBean  : Servlet dispatcherServlet mapped to [/]
2018-10-07 16:01:19.664  INFO 49505 --- [main] s.w.s.m.m.a.RequestMappingHandlerMapping : Mapped "{[/hello]}" onto public com.example.springboothelloworld.pojo.User com.example.springboothelloworld.controller.UserController.say()
2018-10-07 16:01:19.670  INFO 49505 --- [main] s.w.s.m.m.a.RequestMappingHandlerMapping : Mapped "{[/error]}" onto public org.springframework.http.ResponseEntity<java.util.Map<java.lang.String, java.lang.Object>> org.springframework.boot.autoconfigure.web.servlet.error.BasicErrorController.error(javax.servlet.http.HttpServletRequest)
2018-10-07 16:01:19.671  INFO 49505 --- [main] s.w.s.m.m.a.RequestMappingHandlerMapping : Mapped "{[/error],produces=[text/html]}" onto public org.springframework.web.servlet.ModelAndView org.springframework.boot.autoconfigure.web.servlet.error.BasicErrorController.errorHtml(javax.servlet.http.HttpServletRequest,javax.servlet.http.HttpServletResponse)
2018-10-07 16:01:19.728  INFO 49505 --- [main] s.w.s.m.m.a.RequestMappingHandlerAdapter : Looking for @ControllerAdvice: org.springframework.boot.web.servlet.context.AnnotationConfigServletWebServerApplicationContext@659a969b: startup date [Sun Oct 07 16:01:18 CST 2018]; root of context hierarchy
2018-10-07 16:01:19.935  INFO 49505 --- [main] o.s.j.e.a.AnnotationMBeanExporter        : Registering beans for JMX exposure on startup
2018-10-07 16:01:19.972  INFO 49505 --- [main] o.s.b.w.embedded.tomcat.TomcatWebServer  : Tomcat started on port(s): 8080 (http) with context path ''
2018-10-07 16:01:19.976  INFO 49505 --- [main] c.e.s.SpringBootHelloworldApplication    : Started SpringBootHelloworldApplication in 1.867 seconds (JVM running for 2.347)
2018-10-07 16:01:36.947  INFO 49505 --- [Thread-7] ConfigServletWebServerApplicationContext : Closing org.springframework.boot.web.servlet.context.AnnotationConfigServletWebServerApplicationContext@659a969b: startup date [Sun Oct 07 16:01:18 CST 2018]; root of context hierarchy
2018-10-07 16:01:36.950  INFO 49505 --- [Thread-7] o.s.j.e.a.AnnotationMBeanExporter        : Unregistering JMX-exposed beans on shutdown
